<?xml version="1.0" encoding="UTF-8"?>
<!-- Generated by org.testng.reporters.JUnitXMLReporter -->
<testsuite hostname="HW009432L" name="Regression Suite" tests="5" failures="1" timestamp="13 Sep 2016 09:06:07 GMT" time="17.243" errors="0">
  <testcase name="@AfterMethod afterMethod" time="0.0" classname="com.tests.Test.InvalidLoginTest">
    <failure type="java.lang.NullPointerException">
      <![CDATA[java.lang.NullPointerException
	at com.test.util.WebDriverHelper.quitDriver(WebDriverHelper.java:57)
	at com.tests.Test.TestBase.afterMethod(TestBase.java:45)
... Removed 26 stack frames]]>
    </failure>
  </testcase> <!-- @AfterMethod afterMethod -->
  <testcase name="@AfterMethod afterMethod" time="0.0" classname="com.tests.Test.HomePageTest">
    <skipped/>
  </testcase> <!-- @AfterMethod afterMethod -->
  <testcase name="@AfterMethod afterMethod" time="0.0" classname="com.tests.Test.ForgottonDetailsTest">
    <skipped/>
  </testcase> <!-- @AfterMethod afterMethod -->
  <testcase name="@AfterMethod afterMethod" time="0.0" classname="com.tests.Test.CreateRpTest">
    <skipped/>
  </testcase> <!-- @AfterMethod afterMethod -->
  <testcase name="testValidLogin" time="4.181" classname="com.tests.Test.LoginTest"/>
  <testcase name="testInvaidLogin" time="0.002" classname="com.tests.Test.InvalidLoginTest">
    <failure type="java.lang.NullPointerException">
      <![CDATA[java.lang.NullPointerException
	at com.tests.Test.InvalidLoginTest.testInvaidLogin(InvalidLoginTest.java:13)
... Removed 24 stack frames]]>
    </failure>
  </testcase> <!-- testInvaidLogin -->
  <testcase name="verifyHomePageSources" time="0.002" classname="com.tests.Test.HomePageTest">
    <skipped/>
  </testcase> <!-- verifyHomePageSources -->
  <testcase name="retrieveDetails" time="0.001" classname="com.tests.Test.ForgottonDetailsTest">
    <skipped/>
  </testcase> <!-- retrieveDetails -->
  <testcase name="createNewRP" time="0.002" classname="com.tests.Test.CreateRpTest">
    <skipped/>
  </testcase> <!-- createNewRP -->
</testsuite> <!-- Regression Suite -->
